<?xml version="1.0" encoding="UTF-8"?>
<!-- Generated by org.testng.reporters.JUnitReportReporter -->
<testsuite hostname="W-PF3KEC55" failures="0" tests="1" name="com.learnautomation.testcases.LoginTestCRM" time="9.556" errors="0" timestamp="2022-09-30T20:10:58 IST" skipped="0">
  <testcase classname="com.learnautomation.testcases.LoginTestCRM" name="loginApp" time="9.556"/>
  <system-out/>
</testsuite> <!-- com.learnautomation.testcases.LoginTestCRM -->
